android/android-3D-model-viewer/app/build/intermediates/manifest_merge_blame_file/debug/manifest-merger-blame-debug-report.txt
1<?xml version="1.0" encoding="utf-8"?>
2<manifest xmlns:android="http://schemas.android.com/apk/res/android"
3    package="org.andresoviedo.dddmodel2"
4    android:versionCode="11"
5    android:versionName="1.3.1" >
6
7    <uses-sdk
8        android:minSdkVersion="15"
8-->src/main/AndroidManifest.xml
9        android:targetSdkVersion="29" />
9-->src/main/AndroidManifest.xml
10
11    <uses-feature
11-->src/main/AndroidManifest.xml:8:5-10:35
12        android:glEsVersion="0x00020000"
12-->src/main/AndroidManifest.xml:9:9-41
13        android:required="true" />
13-->src/main/AndroidManifest.xml:10:9-32
14
15    <uses-permission android:name="android.permission.CAMERA" />
15-->src/main/AndroidManifest.xml:12:5-65
15-->src/main/AndroidManifest.xml:12:22-62
16
17    <uses-feature android:name="android.hardware.camera" />
17-->src/main/AndroidManifest.xml:14:5-60
17-->src/main/AndroidManifest.xml:14:19-57
18
19    <uses-permission android:name="android.permission.INTERNET" />
19-->src/main/AndroidManifest.xml:16:5-67
19-->src/main/AndroidManifest.xml:16:22-64
20    <uses-permission android:name="android.permission.ACCESS_NETWORK_STATE" />
20-->src/main/AndroidManifest.xml:17:5-79
20-->src/main/AndroidManifest.xml:17:22-76
21    <uses-permission android:name="android.permission.READ_EXTERNAL_STORAGE" />
21-->src/main/AndroidManifest.xml:18:5-80
21-->src/main/AndroidManifest.xml:18:22-77
22    <uses-permission android:name="android.permission.WRITE_EXTERNAL_STORAGE" />
22-->src/main/AndroidManifest.xml:19:5-81
22-->src/main/AndroidManifest.xml:19:22-78
23    <uses-permission android:name="android.permission.RECORD_AUDIO" />
23-->src/main/AndroidManifest.xml:20:5-71
23-->src/main/AndroidManifest.xml:20:22-68
24    <uses-permission android:name="android.permission.ACCESS_FINE_LOCATION" />
24-->src/main/AndroidManifest.xml:22:5-79
24-->src/main/AndroidManifest.xml:22:22-76
25
26    <uses-feature android:name="android.hardware.location.gps" />
26-->src/main/AndroidManifest.xml:24:5-66
26-->src/main/AndroidManifest.xml:24:19-63
27    <uses-feature
27-->[com.camerakit:camerakit:1.0.0-beta3.11] AndroidManifest.xml:14:5-16:36
28        android:name="android.hardware.camera.front"
28-->[com.camerakit:camerakit:1.0.0-beta3.11] AndroidManifest.xml:15:9-53
29        android:required="false" />
29-->[com.camerakit:camerakit:1.0.0-beta3.11] AndroidManifest.xml:16:9-33
30    <uses-feature
30-->[com.camerakit:camerakit:1.0.0-beta3.11] AndroidManifest.xml:17:5-19:36
31        android:name="android.hardware.camera.autofocus"
31-->[com.camerakit:camerakit:1.0.0-beta3.11] AndroidManifest.xml:18:9-57
32        android:required="false" />
32-->[com.camerakit:camerakit:1.0.0-beta3.11] AndroidManifest.xml:19:9-33
33    <uses-feature
33-->[com.camerakit:camerakit:1.0.0-beta3.11] AndroidManifest.xml:20:5-22:36
34        android:name="android.hardware.microphone"
34-->[com.camerakit:camerakit:1.0.0-beta3.11] AndroidManifest.xml:21:9-51
35        android:required="false" />
35-->[com.camerakit:camerakit:1.0.0-beta3.11] AndroidManifest.xml:22:9-33
36
37    <application
37-->src/main/AndroidManifest.xml:26:5-85:19
38        android:debuggable="true"
39        android:icon="@drawable/ic_launcher"
39-->src/main/AndroidManifest.xml:27:9-45
40        android:label="@string/app_name"
40-->src/main/AndroidManifest.xml:28:9-41
41        android:networkSecurityConfig="@xml/network_security_config"
41-->src/main/AndroidManifest.xml:29:9-69
42        android:requestLegacyExternalStorage="true"
42-->src/main/AndroidManifest.xml:30:9-52
43        android:testOnly="true"
44        android:theme="@style/AppTheme" >
44-->src/main/AndroidManifest.xml:31:9-40
45        <activity android:name="org.andresoviedo.app.model3D.CameraActivity" >
45-->src/main/AndroidManifest.xml:32:9-38:20
45-->src/main/AndroidManifest.xml:32:19-77
46            <intent-filter>
46-->src/main/AndroidManifest.xml:33:13-37:29
47                <action android:name="android.intent.action.MAIN" />
47-->src/main/AndroidManifest.xml:34:17-69
47-->src/main/AndroidManifest.xml:34:25-66
48
49                <category android:name="android.intent.category.LAUNCHER" />
49-->src/main/AndroidManifest.xml:36:17-77
49-->src/main/AndroidManifest.xml:36:27-74
50            </intent-filter>
51        </activity>
52        <activity android:name="org.andresoviedo.app.model3D.LocalModalFetcherAct" >
52-->src/main/AndroidManifest.xml:39:9-45:20
52-->src/main/AndroidManifest.xml:39:19-83
53
54            <!-- <intent-filter> -->
55            <!-- <action android:name="android.intent.action.MAIN" /> -->
56
57
58            <!-- <category android:name="android.intent.category.LAUNCHER" /> -->
59            <!-- </intent-filter> -->
60        </activity>
61        <activity android:name="org.andresoviedo.app.model3D.ModelFetcherAct" >
61-->src/main/AndroidManifest.xml:46:9-54:20
61-->src/main/AndroidManifest.xml:46:19-78
62
63            <!-- <intent-filter> -->
64            <!-- <action android:name="android.intent.action.MAIN" /> -->
65
66
67            <!-- <category android:name="android.intent.category.LAUNCHER" /> -->
68            <!-- </intent-filter> -->
69        </activity>
70        <activity
70-->src/main/AndroidManifest.xml:55:9-65:20
71            android:name="org.andresoviedo.app.model3D.MainActivity"
71-->src/main/AndroidManifest.xml:56:13-69
72            android:label="@string/app_name" >
72-->src/main/AndroidManifest.xml:57:13-45
73
74            <!-- <intent-filter> -->
75            <!-- <action android:name="android.intent.action.MAIN" /> -->
76
77
78            <!-- <category android:name="android.intent.category.LAUNCHER" /> -->
79            <!-- </intent-filter> -->
80        </activity>
81        <activity
81-->src/main/AndroidManifest.xml:66:9-69:86
82            android:name="org.andresoviedo.app.model3D.view.MenuActivity"
82-->src/main/AndroidManifest.xml:67:13-74
83            android:label="@string/title_activity_menu"
83-->src/main/AndroidManifest.xml:68:13-56
84            android:parentActivityName="org.andresoviedo.app.model3D.MainActivity" />
84-->src/main/AndroidManifest.xml:69:13-83
85        <activity
85-->src/main/AndroidManifest.xml:70:9-73:86
86            android:name="org.andresoviedo.app.model3D.view.DemoActivity"
86-->src/main/AndroidManifest.xml:71:13-74
87            android:label="@string/title_activity_menu"
87-->src/main/AndroidManifest.xml:72:13-56
88            android:parentActivityName="org.andresoviedo.app.model3D.MainActivity" />
88-->src/main/AndroidManifest.xml:73:13-83
89        <activity
89-->src/main/AndroidManifest.xml:74:9-77:86
90            android:name="org.andresoviedo.app.util.view.TextActivity"
90-->src/main/AndroidManifest.xml:75:13-71
91            android:label="@string/title_activity_text"
91-->src/main/AndroidManifest.xml:76:13-56
92            android:parentActivityName="org.andresoviedo.app.model3D.MainActivity" />
92-->src/main/AndroidManifest.xml:77:13-83
93        <activity
93-->src/main/AndroidManifest.xml:78:9-84:20
94            android:name="org.andresoviedo.app.model3D.view.ModelActivity"
94-->src/main/AndroidManifest.xml:79:13-75
95            android:label="@string/title_activity_model"
95-->src/main/AndroidManifest.xml:80:13-57
96            android:parentActivityName="org.andresoviedo.app.model3D.MainActivity" >
96-->src/main/AndroidManifest.xml:81:13-83
97
98            <!-- android:theme="@android:style/Theme.Black.NoTitleBar.Fullscreen" -->
99        </activity>
100    </application>
101
102</manifest>